
> memoi0edocument@0.1.0 build
> next build

  ▲ Next.js 14.2.35

   Creating an optimized production build ...


Failed to compile.

./app/components/DocumentList.js
Module not found: Can't resolve '@/lib/utils'

https://nextjs.org/docs/messages/module-not-found

Import trace for requested module:
./app/page.js

./app/api/documents/[id]/pdf/route.js
Module not found: Can't resolve '@/lib/db'

https://nextjs.org/docs/messages/module-not-found

./app/api/documents/[id]/route.js
Module not found: Can't resolve '@/lib/db'

https://nextjs.org/docs/messages/module-not-found

./app/api/documents/route.js
Module not found: Can't resolve '@/lib/db'

https://nextjs.org/docs/messages/module-not-found


> Build failed because of webpack errors
